<?xml version="1.0" encoding="UTF-8"?>
<testng-results ignored="0" total="42" passed="41" failed="1" skipped="0">
  <reporter-output>
  </reporter-output>
  <suite started-at="2022-04-11T22:35:49 EEST" name="Default suite" finished-at="2022-04-11T22:43:30 EEST" duration-ms="461878">
    <groups>
      <group name="cucumber">
        <method signature="AbstractTestNGCucumberTests.runScenario(io.cucumber.testng.PickleWrapper,io.cucumber.testng.FeatureWrapper)[pri:0, instance:com.bddcucumberframework.runner.TestNGtestRunner@43dac38f]" name="runScenario" class="io.cucumber.testng.AbstractTestNGCucumberTests"/>
      </group> <!-- cucumber -->
    </groups>
    <test started-at="2022-04-11T22:35:49 EEST" name="Default test" finished-at="2022-04-11T22:43:30 EEST" duration-ms="461878">
      <class name="com.bddcucumberframework.runner.TestNGtestRunner">
        <test-method is-config="true" signature="setUpClass(org.testng.ITestContext)[pri:0, instance:com.bddcucumberframework.runner.TestNGtestRunner@43dac38f]" started-at="2022-04-11T22:35:49 EEST" name="setUpClass" finished-at="2022-04-11T22:35:49 EEST" duration-ms="598" status="PASS">
          <params>
            <param index="0">
              <value>
                <![CDATA[org.testng.TestRunner@3958ea4d]]>
              </value>
            </param>
          </params>
          <reporter-output>
          </reporter-output>
        </test-method> <!-- setUpClass -->
        <test-method signature="runScenario(io.cucumber.testng.PickleWrapper,io.cucumber.testng.FeatureWrapper)[pri:0, instance:com.bddcucumberframework.runner.TestNGtestRunner@43dac38f]" started-at="2022-04-11T22:35:49 EEST" name="runScenario" description="Runs Cucumber Scenarios" data-provider="scenarios" finished-at="2022-04-11T22:36:01 EEST" duration-ms="12068" status="PASS">
          <params>
            <param index="0">
              <value>
                <![CDATA["Add Employee Record successfully"]]>
              </value>
            </param>
            <param index="1">
              <value>
                <![CDATA["Optional[Add and Edit Employee]"]]>
              </value>
            </param>
          </params>
          <reporter-output>
          </reporter-output>
        </test-method> <!-- runScenario -->
        <test-method signature="runScenario(io.cucumber.testng.PickleWrapper,io.cucumber.testng.FeatureWrapper)[pri:0, instance:com.bddcucumberframework.runner.TestNGtestRunner@43dac38f]" started-at="2022-04-11T22:36:01 EEST" name="runScenario" description="Runs Cucumber Scenarios" data-provider="scenarios" finished-at="2022-04-11T22:36:13 EEST" duration-ms="11973" status="PASS">
          <params>
            <param index="0">
              <value>
                <![CDATA["Check Date validation message show  Employee Record successfully"]]>
              </value>
            </param>
            <param index="1">
              <value>
                <![CDATA["Optional[Add and Edit Employee]"]]>
              </value>
            </param>
          </params>
          <reporter-output>
          </reporter-output>
        </test-method> <!-- runScenario -->
        <test-method signature="runScenario(io.cucumber.testng.PickleWrapper,io.cucumber.testng.FeatureWrapper)[pri:0, instance:com.bddcucumberframework.runner.TestNGtestRunner@43dac38f]" started-at="2022-04-11T22:36:13 EEST" name="runScenario" description="Runs Cucumber Scenarios" data-provider="scenarios" finished-at="2022-04-11T22:36:27 EEST" duration-ms="13767" status="PASS">
          <params>
            <param index="0">
              <value>
                <![CDATA["Check user edit Employee Personal Details successfully"]]>
              </value>
            </param>
            <param index="1">
              <value>
                <![CDATA["Optional[Add and Edit Employee]"]]>
              </value>
            </param>
          </params>
          <reporter-output>
          </reporter-output>
        </test-method> <!-- runScenario -->
        <test-method signature="runScenario(io.cucumber.testng.PickleWrapper,io.cucumber.testng.FeatureWrapper)[pri:0, instance:com.bddcucumberframework.runner.TestNGtestRunner@43dac38f]" started-at="2022-04-11T22:36:27 EEST" name="runScenario" description="Runs Cucumber Scenarios" data-provider="scenarios" finished-at="2022-04-11T22:36:39 EEST" duration-ms="12410" status="PASS">
          <params>
            <param index="0">
              <value>
                <![CDATA["Check user edit custom Field successfully"]]>
              </value>
            </param>
            <param index="1">
              <value>
                <![CDATA["Optional[Add and Edit Employee]"]]>
              </value>
            </param>
          </params>
          <reporter-output>
          </reporter-output>
        </test-method> <!-- runScenario -->
        <test-method signature="runScenario(io.cucumber.testng.PickleWrapper,io.cucumber.testng.FeatureWrapper)[pri:0, instance:com.bddcucumberframework.runner.TestNGtestRunner@43dac38f]" started-at="2022-04-11T22:36:39 EEST" name="runScenario" description="Runs Cucumber Scenarios" data-provider="scenarios" finished-at="2022-04-11T22:36:53 EEST" duration-ms="13510" status="PASS">
          <params>
            <param index="0">
              <value>
                <![CDATA["Check user Attached file successfully in employee personal section"]]>
              </value>
            </param>
            <param index="1">
              <value>
                <![CDATA["Optional[Add and Edit Employee]"]]>
              </value>
            </param>
          </params>
          <reporter-output>
          </reporter-output>
        </test-method> <!-- runScenario -->
        <test-method signature="runScenario(io.cucumber.testng.PickleWrapper,io.cucumber.testng.FeatureWrapper)[pri:0, instance:com.bddcucumberframework.runner.TestNGtestRunner@43dac38f]" started-at="2022-04-11T22:36:53 EEST" name="runScenario" description="Runs Cucumber Scenarios" data-provider="scenarios" finished-at="2022-04-11T22:37:05 EEST" duration-ms="12474" status="PASS">
          <params>
            <param index="0">
              <value>
                <![CDATA["Check user upload profile image successfully in personal section"]]>
              </value>
            </param>
            <param index="1">
              <value>
                <![CDATA["Optional[Add and Edit Employee]"]]>
              </value>
            </param>
          </params>
          <reporter-output>
          </reporter-output>
        </test-method> <!-- runScenario -->
        <test-method signature="runScenario(io.cucumber.testng.PickleWrapper,io.cucumber.testng.FeatureWrapper)[pri:0, instance:com.bddcucumberframework.runner.TestNGtestRunner@43dac38f]" started-at="2022-04-11T22:37:05 EEST" name="runScenario" description="Runs Cucumber Scenarios" data-provider="scenarios" finished-at="2022-04-11T22:37:19 EEST" duration-ms="13485" status="PASS">
          <params>
            <param index="0">
              <value>
                <![CDATA["Check user add contact Details successfully in personal section"]]>
              </value>
            </param>
            <param index="1">
              <value>
                <![CDATA["Optional[Add and Edit Employee]"]]>
              </value>
            </param>
          </params>
          <reporter-output>
          </reporter-output>
        </test-method> <!-- runScenario -->
        <test-method signature="runScenario(io.cucumber.testng.PickleWrapper,io.cucumber.testng.FeatureWrapper)[pri:0, instance:com.bddcucumberframework.runner.TestNGtestRunner@43dac38f]" started-at="2022-04-11T22:37:19 EEST" name="runScenario" description="Runs Cucumber Scenarios" data-provider="scenarios" finished-at="2022-04-11T22:37:32 EEST" duration-ms="13254" status="PASS">
          <params>
            <param index="0">
              <value>
                <![CDATA["Check user edit emergency contact Details successfully in personal section"]]>
              </value>
            </param>
            <param index="1">
              <value>
                <![CDATA["Optional[Add and Edit Employee]"]]>
              </value>
            </param>
          </params>
          <reporter-output>
          </reporter-output>
        </test-method> <!-- runScenario -->
        <test-method signature="runScenario(io.cucumber.testng.PickleWrapper,io.cucumber.testng.FeatureWrapper)[pri:0, instance:com.bddcucumberframework.runner.TestNGtestRunner@43dac38f]" started-at="2022-04-11T22:37:32 EEST" name="runScenario" description="Runs Cucumber Scenarios" data-provider="scenarios" finished-at="2022-04-11T22:37:45 EEST" duration-ms="12991" status="PASS">
          <params>
            <param index="0">
              <value>
                <![CDATA["Check user edit Immigration Record successfully in personal section"]]>
              </value>
            </param>
            <param index="1">
              <value>
                <![CDATA["Optional[Add and Edit Employee]"]]>
              </value>
            </param>
          </params>
          <reporter-output>
          </reporter-output>
        </test-method> <!-- runScenario -->
        <test-method signature="runScenario(io.cucumber.testng.PickleWrapper,io.cucumber.testng.FeatureWrapper)[pri:0, instance:com.bddcucumberframework.runner.TestNGtestRunner@43dac38f]" started-at="2022-04-11T22:37:45 EEST" name="runScenario" description="Runs Cucumber Scenarios" data-provider="scenarios" finished-at="2022-04-11T22:37:59 EEST" duration-ms="13655" status="PASS">
          <params>
            <param index="0">
              <value>
                <![CDATA["Check user edit job Record successfully in personal section"]]>
              </value>
            </param>
            <param index="1">
              <value>
                <![CDATA["Optional[Add and Edit Employee]"]]>
              </value>
            </param>
          </params>
          <reporter-output>
          </reporter-output>
        </test-method> <!-- runScenario -->
        <test-method signature="runScenario(io.cucumber.testng.PickleWrapper,io.cucumber.testng.FeatureWrapper)[pri:0, instance:com.bddcucumberframework.runner.TestNGtestRunner@43dac38f]" started-at="2022-04-11T22:37:59 EEST" name="runScenario" description="Runs Cucumber Scenarios" data-provider="scenarios" finished-at="2022-04-11T22:38:12 EEST" duration-ms="13278" status="PASS">
          <params>
            <param index="0">
              <value>
                <![CDATA["Check user added employee Salary Record successfully in personal section"]]>
              </value>
            </param>
            <param index="1">
              <value>
                <![CDATA["Optional[Add and Edit Employee]"]]>
              </value>
            </param>
          </params>
          <reporter-output>
          </reporter-output>
        </test-method> <!-- runScenario -->
        <test-method signature="runScenario(io.cucumber.testng.PickleWrapper,io.cucumber.testng.FeatureWrapper)[pri:0, instance:com.bddcucumberframework.runner.TestNGtestRunner@43dac38f]" started-at="2022-04-11T22:38:12 EEST" name="runScenario" description="Runs Cucumber Scenarios" data-provider="scenarios" finished-at="2022-04-11T22:38:25 EEST" duration-ms="13165" status="PASS">
          <params>
            <param index="0">
              <value>
                <![CDATA["Check user added employee tax Exemption Record successfully in personal section"]]>
              </value>
            </param>
            <param index="1">
              <value>
                <![CDATA["Optional[Add and Edit Employee]"]]>
              </value>
            </param>
          </params>
          <reporter-output>
          </reporter-output>
        </test-method> <!-- runScenario -->
        <test-method signature="runScenario(io.cucumber.testng.PickleWrapper,io.cucumber.testng.FeatureWrapper)[pri:0, instance:com.bddcucumberframework.runner.TestNGtestRunner@43dac38f]" started-at="2022-04-11T22:38:25 EEST" name="runScenario" description="Runs Cucumber Scenarios" data-provider="scenarios" finished-at="2022-04-11T22:38:40 EEST" duration-ms="14505" status="PASS">
          <params>
            <param index="0">
              <value>
                <![CDATA["Check user added employee MemberShip Record successfully in personal section"]]>
              </value>
            </param>
            <param index="1">
              <value>
                <![CDATA["Optional[Add and Edit Employee]"]]>
              </value>
            </param>
          </params>
          <reporter-output>
          </reporter-output>
        </test-method> <!-- runScenario -->
        <test-method signature="runScenario(io.cucumber.testng.PickleWrapper,io.cucumber.testng.FeatureWrapper)[pri:0, instance:com.bddcucumberframework.runner.TestNGtestRunner@43dac38f]" started-at="2022-04-11T22:38:40 EEST" name="runScenario" description="Runs Cucumber Scenarios" data-provider="scenarios" finished-at="2022-04-11T22:38:51 EEST" duration-ms="11078" status="PASS">
          <params>
            <param index="0">
              <value>
                <![CDATA["Delete Employee Record successfully"]]>
              </value>
            </param>
            <param index="1">
              <value>
                <![CDATA["Optional[Add and Edit Employee]"]]>
              </value>
            </param>
          </params>
          <reporter-output>
          </reporter-output>
        </test-method> <!-- runScenario -->
        <test-method signature="runScenario(io.cucumber.testng.PickleWrapper,io.cucumber.testng.FeatureWrapper)[pri:0, instance:com.bddcucumberframework.runner.TestNGtestRunner@43dac38f]" started-at="2022-04-11T22:38:51 EEST" name="runScenario" description="Runs Cucumber Scenarios" data-provider="scenarios" finished-at="2022-04-11T22:39:01 EEST" duration-ms="10529" status="PASS">
          <params>
            <param index="0">
              <value>
                <![CDATA["Delete Employee Record not found in list"]]>
              </value>
            </param>
            <param index="1">
              <value>
                <![CDATA["Optional[Add and Edit Employee]"]]>
              </value>
            </param>
          </params>
          <reporter-output>
          </reporter-output>
        </test-method> <!-- runScenario -->
        <test-method signature="runScenario(io.cucumber.testng.PickleWrapper,io.cucumber.testng.FeatureWrapper)[pri:0, instance:com.bddcucumberframework.runner.TestNGtestRunner@43dac38f]" started-at="2022-04-11T22:39:01 EEST" name="runScenario" description="Runs Cucumber Scenarios" data-provider="scenarios" finished-at="2022-04-11T22:39:10 EEST" duration-ms="9022" status="FAIL">
          <params>
            <param index="0">
              <value>
                <![CDATA["File Successfully Download"]]>
              </value>
            </param>
            <param index="1">
              <value>
                <![CDATA["Optional[Reporting Method]"]]>
              </value>
            </param>
          </params>
          <exception class="org.openqa.selenium.InvalidArgumentException">
            <message>
              <![CDATA[invalid argument: File not found : C:\Users\onoff\Downloads\importData.csv
  (Session info: chrome=99.0.4844.84)
Build info: version: '3.141.59', revision: 'e82be7d358', time: '2018-11-14T08:17:03'
System info: host: 'DESKTOP-DHM9ER7', ip: '192.168.0.23', os.name: 'Windows 10', os.arch: 'amd64', os.version: '10.0', java.version: '17.0.1'
Driver info: org.openqa.selenium.chrome.ChromeDriver
Capabilities {acceptInsecureCerts: false, browserName: chrome, browserVersion: 99.0.4844.84, chrome: {chromedriverVersion: 98.0.4758.102 (273bf7ac8c90..., userDataDir: C:\Users\HP\AppData\Local\T...}, goog:chromeOptions: {debuggerAddress: localhost:60695}, javascriptEnabled: true, networkConnectionEnabled: false, pageLoadStrategy: normal, platform: WINDOWS, platformName: WINDOWS, proxy: Proxy(), setWindowRect: true, strictFileInteractability: false, timeouts: {implicit: 0, pageLoad: 300000, script: 30000}, unhandledPromptBehavior: dismiss and notify, webauthn:extension:credBlob: true, webauthn:extension:largeBlob: true, webauthn:virtualAuthenticators: true}
Session ID: e62ec6db160ad8e6a66e3ae3af783d52]]>
            </message>
            <full-stacktrace>
              <![CDATA[org.openqa.selenium.InvalidArgumentException: invalid argument: File not found : C:\Users\onoff\Downloads\importData.csv
  (Session info: chrome=99.0.4844.84)
Build info: version: '3.141.59', revision: 'e82be7d358', time: '2018-11-14T08:17:03'
System info: host: 'DESKTOP-DHM9ER7', ip: '192.168.0.23', os.name: 'Windows 10', os.arch: 'amd64', os.version: '10.0', java.version: '17.0.1'
Driver info: org.openqa.selenium.chrome.ChromeDriver
Capabilities {acceptInsecureCerts: false, browserName: chrome, browserVersion: 99.0.4844.84, chrome: {chromedriverVersion: 98.0.4758.102 (273bf7ac8c90..., userDataDir: C:\Users\HP\AppData\Local\T...}, goog:chromeOptions: {debuggerAddress: localhost:60695}, javascriptEnabled: true, networkConnectionEnabled: false, pageLoadStrategy: normal, platform: WINDOWS, platformName: WINDOWS, proxy: Proxy(), setWindowRect: true, strictFileInteractability: false, timeouts: {implicit: 0, pageLoad: 300000, script: 30000}, unhandledPromptBehavior: dismiss and notify, webauthn:extension:credBlob: true, webauthn:extension:largeBlob: true, webauthn:virtualAuthenticators: true}
Session ID: e62ec6db160ad8e6a66e3ae3af783d52
at java.base/jdk.internal.reflect.NativeConstructorAccessorImpl.newInstance0(Native Method)
at java.base/jdk.internal.reflect.NativeConstructorAccessorImpl.newInstance(NativeConstructorAccessorImpl.java:77)
at java.base/jdk.internal.reflect.DelegatingConstructorAccessorImpl.newInstance(DelegatingConstructorAccessorImpl.java:45)
at java.base/java.lang.reflect.Constructor.newInstanceWithCaller(Constructor.java:499)
at java.base/java.lang.reflect.Constructor.newInstance(Constructor.java:480)
at org.openqa.selenium.remote.http.W3CHttpResponseCodec.createException(W3CHttpResponseCodec.java:187)
at org.openqa.selenium.remote.http.W3CHttpResponseCodec.decode(W3CHttpResponseCodec.java:122)
at org.openqa.selenium.remote.http.W3CHttpResponseCodec.decode(W3CHttpResponseCodec.java:49)
at org.openqa.selenium.remote.HttpCommandExecutor.execute(HttpCommandExecutor.java:158)
at org.openqa.selenium.remote.service.DriverCommandExecutor.execute(DriverCommandExecutor.java:83)
at org.openqa.selenium.remote.RemoteWebDriver.execute(RemoteWebDriver.java:552)
at org.openqa.selenium.remote.RemoteWebElement.execute(RemoteWebElement.java:285)
at org.openqa.selenium.remote.RemoteWebElement.sendKeys(RemoteWebElement.java:106)
at com.bddcucumberframework.pagesObject.DataImportPage.uploadFileInDataImportSection(DataImportPage.java:55)
at com.bddcucumberframework.stepDefinations.DataImportPageStepDefination.upload_file_from_data_import_section(DataImportPageStepDefination.java:57)
at ✽.Upload File from Data Import Section(file:///C:/WebProject/Demo-Orange-hrm/src/test/java/features/DataImport.feature:14)
]]>
            </full-stacktrace>
          </exception> <!-- org.openqa.selenium.InvalidArgumentException -->
          <reporter-output>
          </reporter-output>
        </test-method> <!-- runScenario -->
        <test-method signature="runScenario(io.cucumber.testng.PickleWrapper,io.cucumber.testng.FeatureWrapper)[pri:0, instance:com.bddcucumberframework.runner.TestNGtestRunner@43dac38f]" started-at="2022-04-11T22:39:10 EEST" name="runScenario" description="Runs Cucumber Scenarios" data-provider="scenarios" finished-at="2022-04-11T22:39:27 EEST" duration-ms="16914" status="PASS">
          <params>
            <param index="0">
              <value>
                <![CDATA["Add job titles"]]>
              </value>
            </param>
            <param index="1">
              <value>
                <![CDATA["Optional[Add and delete job Functionality]"]]>
              </value>
            </param>
          </params>
          <reporter-output>
          </reporter-output>
        </test-method> <!-- runScenario -->
        <test-method signature="runScenario(io.cucumber.testng.PickleWrapper,io.cucumber.testng.FeatureWrapper)[pri:0, instance:com.bddcucumberframework.runner.TestNGtestRunner@43dac38f]" started-at="2022-04-11T22:39:27 EEST" name="runScenario" description="Runs Cucumber Scenarios" data-provider="scenarios" finished-at="2022-04-11T22:39:37 EEST" duration-ms="10186" status="PASS">
          <params>
            <param index="0">
              <value>
                <![CDATA["Delete Job Title"]]>
              </value>
            </param>
            <param index="1">
              <value>
                <![CDATA["Optional[Add and delete job Functionality]"]]>
              </value>
            </param>
          </params>
          <reporter-output>
          </reporter-output>
        </test-method> <!-- runScenario -->
        <test-method signature="runScenario(io.cucumber.testng.PickleWrapper,io.cucumber.testng.FeatureWrapper)[pri:0, instance:com.bddcucumberframework.runner.TestNGtestRunner@43dac38f]" started-at="2022-04-11T22:39:37 EEST" name="runScenario" description="Runs Cucumber Scenarios" data-provider="scenarios" finished-at="2022-04-11T22:39:46 EEST" duration-ms="8987" status="PASS">
          <params>
            <param index="0">
              <value>
                <![CDATA["Required validation message show in custom field form"]]>
              </value>
            </param>
            <param index="1">
              <value>
                <![CDATA["Optional[Custom form Action]"]]>
              </value>
            </param>
          </params>
          <reporter-output>
          </reporter-output>
        </test-method> <!-- runScenario -->
        <test-method signature="runScenario(io.cucumber.testng.PickleWrapper,io.cucumber.testng.FeatureWrapper)[pri:0, instance:com.bddcucumberframework.runner.TestNGtestRunner@43dac38f]" started-at="2022-04-11T22:39:46 EEST" name="runScenario" description="Runs Cucumber Scenarios" data-provider="scenarios" finished-at="2022-04-11T22:39:57 EEST" duration-ms="10167" status="PASS">
          <params>
            <param index="0">
              <value>
                <![CDATA["Add custom field Successfully"]]>
              </value>
            </param>
            <param index="1">
              <value>
                <![CDATA["Optional[Custom form Action]"]]>
              </value>
            </param>
          </params>
          <reporter-output>
          </reporter-output>
        </test-method> <!-- runScenario -->
        <test-method signature="runScenario(io.cucumber.testng.PickleWrapper,io.cucumber.testng.FeatureWrapper)[pri:0, instance:com.bddcucumberframework.runner.TestNGtestRunner@43dac38f]" started-at="2022-04-11T22:39:57 EEST" name="runScenario" description="Runs Cucumber Scenarios" data-provider="scenarios" finished-at="2022-04-11T22:40:07 EEST" duration-ms="10206" status="PASS">
          <params>
            <param index="0">
              <value>
                <![CDATA["Edit custom field Successfully"]]>
              </value>
            </param>
            <param index="1">
              <value>
                <![CDATA["Optional[Custom form Action]"]]>
              </value>
            </param>
          </params>
          <reporter-output>
          </reporter-output>
        </test-method> <!-- runScenario -->
        <test-method signature="runScenario(io.cucumber.testng.PickleWrapper,io.cucumber.testng.FeatureWrapper)[pri:0, instance:com.bddcucumberframework.runner.TestNGtestRunner@43dac38f]" started-at="2022-04-11T22:40:07 EEST" name="runScenario" description="Runs Cucumber Scenarios" data-provider="scenarios" finished-at="2022-04-11T22:40:17 EEST" duration-ms="9887" status="PASS">
          <params>
            <param index="0">
              <value>
                <![CDATA["Delete custom field record Successfully"]]>
              </value>
            </param>
            <param index="1">
              <value>
                <![CDATA["Optional[Custom form Action]"]]>
              </value>
            </param>
          </params>
          <reporter-output>
          </reporter-output>
        </test-method> <!-- runScenario -->
        <test-method signature="runScenario(io.cucumber.testng.PickleWrapper,io.cucumber.testng.FeatureWrapper)[pri:0, instance:com.bddcucumberframework.runner.TestNGtestRunner@43dac38f]" started-at="2022-04-11T22:40:17 EEST" name="runScenario" description="Runs Cucumber Scenarios" data-provider="scenarios" finished-at="2022-04-11T22:40:26 EEST" duration-ms="9036" status="PASS">
          <params>
            <param index="0">
              <value>
                <![CDATA["User go to System User page of application"]]>
              </value>
            </param>
            <param index="1">
              <value>
                <![CDATA["Optional[Navigation to appropriate page]"]]>
              </value>
            </param>
          </params>
          <reporter-output>
          </reporter-output>
        </test-method> <!-- runScenario -->
        <test-method signature="runScenario(io.cucumber.testng.PickleWrapper,io.cucumber.testng.FeatureWrapper)[pri:0, instance:com.bddcucumberframework.runner.TestNGtestRunner@43dac38f]" started-at="2022-04-11T22:40:26 EEST" name="runScenario" description="Runs Cucumber Scenarios" data-provider="scenarios" finished-at="2022-04-11T22:40:30 EEST" duration-ms="3962" status="PASS">
          <params>
            <param index="0">
              <value>
                <![CDATA["validation message show when User forget to enter username in login page"]]>
              </value>
            </param>
            <param index="1">
              <value>
                <![CDATA["Optional[Login Action]"]]>
              </value>
            </param>
          </params>
          <reporter-output>
          </reporter-output>
        </test-method> <!-- runScenario -->
        <test-method signature="runScenario(io.cucumber.testng.PickleWrapper,io.cucumber.testng.FeatureWrapper)[pri:0, instance:com.bddcucumberframework.runner.TestNGtestRunner@43dac38f]" started-at="2022-04-11T22:40:30 EEST" name="runScenario" description="Runs Cucumber Scenarios" data-provider="scenarios" finished-at="2022-04-11T22:40:34 EEST" duration-ms="4005" status="PASS">
          <params>
            <param index="0">
              <value>
                <![CDATA["validation message show when  User forget to enter password in login page"]]>
              </value>
            </param>
            <param index="1">
              <value>
                <![CDATA["Optional[Login Action]"]]>
              </value>
            </param>
          </params>
          <reporter-output>
          </reporter-output>
        </test-method> <!-- runScenario -->
        <test-method signature="runScenario(io.cucumber.testng.PickleWrapper,io.cucumber.testng.FeatureWrapper)[pri:0, instance:com.bddcucumberframework.runner.TestNGtestRunner@43dac38f]" started-at="2022-04-11T22:40:34 EEST" name="runScenario" description="Runs Cucumber Scenarios" data-provider="scenarios" finished-at="2022-04-11T22:40:39 EEST" duration-ms="5433" status="PASS">
          <params>
            <param index="0">
              <value>
                <![CDATA["User enter invalid Credentials in login page"]]>
              </value>
            </param>
            <param index="1">
              <value>
                <![CDATA["Optional[Login Action]"]]>
              </value>
            </param>
          </params>
          <reporter-output>
          </reporter-output>
        </test-method> <!-- runScenario -->
        <test-method signature="runScenario(io.cucumber.testng.PickleWrapper,io.cucumber.testng.FeatureWrapper)[pri:0, instance:com.bddcucumberframework.runner.TestNGtestRunner@43dac38f]" started-at="2022-04-11T22:40:39 EEST" name="runScenario" description="Runs Cucumber Scenarios" data-provider="scenarios" finished-at="2022-04-11T22:40:44 EEST" duration-ms="5015" status="PASS">
          <params>
            <param index="0">
              <value>
                <![CDATA["User enter invalid Credentials in login page"]]>
              </value>
            </param>
            <param index="1">
              <value>
                <![CDATA["Optional[Login Action]"]]>
              </value>
            </param>
          </params>
          <reporter-output>
          </reporter-output>
        </test-method> <!-- runScenario -->
        <test-method signature="runScenario(io.cucumber.testng.PickleWrapper,io.cucumber.testng.FeatureWrapper)[pri:0, instance:com.bddcucumberframework.runner.TestNGtestRunner@43dac38f]" started-at="2022-04-11T22:40:44 EEST" name="runScenario" description="Runs Cucumber Scenarios" data-provider="scenarios" finished-at="2022-04-11T22:40:52 EEST" duration-ms="7405" status="PASS">
          <params>
            <param index="0">
              <value>
                <![CDATA["User login successfully"]]>
              </value>
            </param>
            <param index="1">
              <value>
                <![CDATA["Optional[Login Action]"]]>
              </value>
            </param>
          </params>
          <reporter-output>
          </reporter-output>
        </test-method> <!-- runScenario -->
        <test-method signature="runScenario(io.cucumber.testng.PickleWrapper,io.cucumber.testng.FeatureWrapper)[pri:0, instance:com.bddcucumberframework.runner.TestNGtestRunner@43dac38f]" started-at="2022-04-11T22:40:52 EEST" name="runScenario" description="Runs Cucumber Scenarios" data-provider="scenarios" finished-at="2022-04-11T22:41:02 EEST" duration-ms="10295" status="PASS">
          <params>
            <param index="0">
              <value>
                <![CDATA["User logout from application"]]>
              </value>
            </param>
            <param index="1">
              <value>
                <![CDATA["Optional[Logout Functionality]"]]>
              </value>
            </param>
          </params>
          <reporter-output>
          </reporter-output>
        </test-method> <!-- runScenario -->
        <test-method signature="runScenario(io.cucumber.testng.PickleWrapper,io.cucumber.testng.FeatureWrapper)[pri:0, instance:com.bddcucumberframework.runner.TestNGtestRunner@43dac38f]" started-at="2022-04-11T22:41:02 EEST" name="runScenario" description="Runs Cucumber Scenarios" data-provider="scenarios" finished-at="2022-04-11T22:41:12 EEST" duration-ms="10001" status="PASS">
          <params>
            <param index="0">
              <value>
                <![CDATA["Add Reporting Method Successfully"]]>
              </value>
            </param>
            <param index="1">
              <value>
                <![CDATA["Optional[Reporting Method]"]]>
              </value>
            </param>
          </params>
          <reporter-output>
          </reporter-output>
        </test-method> <!-- runScenario -->
        <test-method signature="runScenario(io.cucumber.testng.PickleWrapper,io.cucumber.testng.FeatureWrapper)[pri:0, instance:com.bddcucumberframework.runner.TestNGtestRunner@43dac38f]" started-at="2022-04-11T22:41:12 EEST" name="runScenario" description="Runs Cucumber Scenarios" data-provider="scenarios" finished-at="2022-04-11T22:41:21 EEST" duration-ms="9621" status="PASS">
          <params>
            <param index="0">
              <value>
                <![CDATA["Delete Reporting Method Successfully"]]>
              </value>
            </param>
            <param index="1">
              <value>
                <![CDATA["Optional[Reporting Method]"]]>
              </value>
            </param>
          </params>
          <reporter-output>
          </reporter-output>
        </test-method> <!-- runScenario -->
        <test-method signature="runScenario(io.cucumber.testng.PickleWrapper,io.cucumber.testng.FeatureWrapper)[pri:0, instance:com.bddcucumberframework.runner.TestNGtestRunner@43dac38f]" started-at="2022-04-11T22:41:21 EEST" name="runScenario" description="Runs Cucumber Scenarios" data-provider="scenarios" finished-at="2022-04-11T22:41:33 EEST" duration-ms="11338" status="PASS">
          <params>
            <param index="0">
              <value>
                <![CDATA["check password strength"]]>
              </value>
            </param>
            <param index="1">
              <value>
                <![CDATA["Optional[Add User Action]"]]>
              </value>
            </param>
          </params>
          <reporter-output>
          </reporter-output>
        </test-method> <!-- runScenario -->
        <test-method signature="runScenario(io.cucumber.testng.PickleWrapper,io.cucumber.testng.FeatureWrapper)[pri:0, instance:com.bddcucumberframework.runner.TestNGtestRunner@43dac38f]" started-at="2022-04-11T22:41:33 EEST" name="runScenario" description="Runs Cucumber Scenarios" data-provider="scenarios" finished-at="2022-04-11T22:41:44 EEST" duration-ms="11532" status="PASS">
          <params>
            <param index="0">
              <value>
                <![CDATA["check password strength"]]>
              </value>
            </param>
            <param index="1">
              <value>
                <![CDATA["Optional[Add User Action]"]]>
              </value>
            </param>
          </params>
          <reporter-output>
          </reporter-output>
        </test-method> <!-- runScenario -->
        <test-method signature="runScenario(io.cucumber.testng.PickleWrapper,io.cucumber.testng.FeatureWrapper)[pri:0, instance:com.bddcucumberframework.runner.TestNGtestRunner@43dac38f]" started-at="2022-04-11T22:41:44 EEST" name="runScenario" description="Runs Cucumber Scenarios" data-provider="scenarios" finished-at="2022-04-11T22:41:56 EEST" duration-ms="11192" status="PASS">
          <params>
            <param index="0">
              <value>
                <![CDATA["check password strength"]]>
              </value>
            </param>
            <param index="1">
              <value>
                <![CDATA["Optional[Add User Action]"]]>
              </value>
            </param>
          </params>
          <reporter-output>
          </reporter-output>
        </test-method> <!-- runScenario -->
        <test-method signature="runScenario(io.cucumber.testng.PickleWrapper,io.cucumber.testng.FeatureWrapper)[pri:0, instance:com.bddcucumberframework.runner.TestNGtestRunner@43dac38f]" started-at="2022-04-11T22:41:56 EEST" name="runScenario" description="Runs Cucumber Scenarios" data-provider="scenarios" finished-at="2022-04-11T22:42:07 EEST" duration-ms="11430" status="PASS">
          <params>
            <param index="0">
              <value>
                <![CDATA["check password strength"]]>
              </value>
            </param>
            <param index="1">
              <value>
                <![CDATA["Optional[Add User Action]"]]>
              </value>
            </param>
          </params>
          <reporter-output>
          </reporter-output>
        </test-method> <!-- runScenario -->
        <test-method signature="runScenario(io.cucumber.testng.PickleWrapper,io.cucumber.testng.FeatureWrapper)[pri:0, instance:com.bddcucumberframework.runner.TestNGtestRunner@43dac38f]" started-at="2022-04-11T22:42:07 EEST" name="runScenario" description="Runs Cucumber Scenarios" data-provider="scenarios" finished-at="2022-04-11T22:42:19 EEST" duration-ms="11719" status="PASS">
          <params>
            <param index="0">
              <value>
                <![CDATA["check password strength"]]>
              </value>
            </param>
            <param index="1">
              <value>
                <![CDATA["Optional[Add User Action]"]]>
              </value>
            </param>
          </params>
          <reporter-output>
          </reporter-output>
        </test-method> <!-- runScenario -->
        <test-method signature="runScenario(io.cucumber.testng.PickleWrapper,io.cucumber.testng.FeatureWrapper)[pri:0, instance:com.bddcucumberframework.runner.TestNGtestRunner@43dac38f]" started-at="2022-04-11T22:42:19 EEST" name="runScenario" description="Runs Cucumber Scenarios" data-provider="scenarios" finished-at="2022-04-11T22:42:30 EEST" duration-ms="10887" status="PASS">
          <params>
            <param index="0">
              <value>
                <![CDATA["check password field mandatory when I forget to enter password"]]>
              </value>
            </param>
            <param index="1">
              <value>
                <![CDATA["Optional[Add User Action]"]]>
              </value>
            </param>
          </params>
          <reporter-output>
          </reporter-output>
        </test-method> <!-- runScenario -->
        <test-method signature="runScenario(io.cucumber.testng.PickleWrapper,io.cucumber.testng.FeatureWrapper)[pri:0, instance:com.bddcucumberframework.runner.TestNGtestRunner@43dac38f]" started-at="2022-04-11T22:42:30 EEST" name="runScenario" description="Runs Cucumber Scenarios" data-provider="scenarios" finished-at="2022-04-11T22:42:40 EEST" duration-ms="10805" status="PASS">
          <params>
            <param index="0">
              <value>
                <![CDATA["check Miss Match password Validation show in confirm password field."]]>
              </value>
            </param>
            <param index="1">
              <value>
                <![CDATA["Optional[Add User Action]"]]>
              </value>
            </param>
          </params>
          <reporter-output>
          </reporter-output>
        </test-method> <!-- runScenario -->
        <test-method signature="runScenario(io.cucumber.testng.PickleWrapper,io.cucumber.testng.FeatureWrapper)[pri:0, instance:com.bddcucumberframework.runner.TestNGtestRunner@43dac38f]" started-at="2022-04-11T22:42:40 EEST" name="runScenario" description="Runs Cucumber Scenarios" data-provider="scenarios" finished-at="2022-04-11T22:42:54 EEST" duration-ms="14063" status="PASS">
          <params>
            <param index="0">
              <value>
                <![CDATA["User Added Successfully."]]>
              </value>
            </param>
            <param index="1">
              <value>
                <![CDATA["Optional[Add User Action]"]]>
              </value>
            </param>
          </params>
          <reporter-output>
          </reporter-output>
        </test-method> <!-- runScenario -->
        <test-method signature="runScenario(io.cucumber.testng.PickleWrapper,io.cucumber.testng.FeatureWrapper)[pri:0, instance:com.bddcucumberframework.runner.TestNGtestRunner@43dac38f]" started-at="2022-04-11T22:42:54 EEST" name="runScenario" description="Runs Cucumber Scenarios" data-provider="scenarios" finished-at="2022-04-11T22:43:04 EEST" duration-ms="9529" status="PASS">
          <params>
            <param index="0">
              <value>
                <![CDATA["search a user which is added successfully"]]>
              </value>
            </param>
            <param index="1">
              <value>
                <![CDATA["Optional[Add User Action]"]]>
              </value>
            </param>
          </params>
          <reporter-output>
          </reporter-output>
        </test-method> <!-- runScenario -->
        <test-method signature="runScenario(io.cucumber.testng.PickleWrapper,io.cucumber.testng.FeatureWrapper)[pri:0, instance:com.bddcucumberframework.runner.TestNGtestRunner@43dac38f]" started-at="2022-04-11T22:43:04 EEST" name="runScenario" description="Runs Cucumber Scenarios" data-provider="scenarios" finished-at="2022-04-11T22:43:18 EEST" duration-ms="14476" status="PASS">
          <params>
            <param index="0">
              <value>
                <![CDATA["Edit user record which is recently added"]]>
              </value>
            </param>
            <param index="1">
              <value>
                <![CDATA["Optional[Add User Action]"]]>
              </value>
            </param>
          </params>
          <reporter-output>
          </reporter-output>
        </test-method> <!-- runScenario -->
        <test-method signature="runScenario(io.cucumber.testng.PickleWrapper,io.cucumber.testng.FeatureWrapper)[pri:0, instance:com.bddcucumberframework.runner.TestNGtestRunner@43dac38f]" started-at="2022-04-11T22:43:18 EEST" name="runScenario" description="Runs Cucumber Scenarios" data-provider="scenarios" finished-at="2022-04-11T22:43:30 EEST" duration-ms="11892" status="PASS">
          <params>
            <param index="0">
              <value>
                <![CDATA["Delete user record which is Edit recently"]]>
              </value>
            </param>
            <param index="1">
              <value>
                <![CDATA["Optional[Add User Action]"]]>
              </value>
            </param>
          </params>
          <reporter-output>
          </reporter-output>
        </test-method> <!-- runScenario -->
        <test-method is-config="true" signature="tearDownClass()[pri:0, instance:com.bddcucumberframework.runner.TestNGtestRunner@43dac38f]" started-at="2022-04-11T22:43:30 EEST" name="tearDownClass" finished-at="2022-04-11T22:43:30 EEST" duration-ms="15" status="PASS">
          <reporter-output>
          </reporter-output>
        </test-method> <!-- tearDownClass -->
      </class> <!-- com.bddcucumberframework.runner.TestNGtestRunner -->
    </test> <!-- Default test -->
  </suite> <!-- Default suite -->
</testng-results>
